<?xml version="1.0" encoding="UTF-8"?>
<testng-results ignored="0" total="2" passed="2" failed="0" skipped="0">
  <reporter-output>
  </reporter-output>
  <suite started-at="2022-12-31T16:41:33 IST" name="Default suite" finished-at="2022-12-31T16:41:33 IST" duration-ms="115">
    <groups>
    </groups>
    <test started-at="2022-12-31T16:41:33 IST" name="Default test" finished-at="2022-12-31T16:41:33 IST" duration-ms="115">
      <class name="testrcb.TestRCB">
        <test-method is-config="true" signature="setUp()[pri:0, instance:testrcb.TestRCB@f736069]" started-at="2022-12-31T16:41:33 IST" name="setUp" finished-at="2022-12-31T16:41:33 IST" duration-ms="26" status="PASS">
          <reporter-output>
          </reporter-output>
        </test-method> <!-- setUp -->
        <test-method signature="verifyonlyAtleastOneWicketKeeper()[pri:0, instance:testrcb.TestRCB@f736069]" started-at="2022-12-31T16:41:33 IST" name="verifyonlyAtleastOneWicketKeeper" finished-at="2022-12-31T16:41:33 IST" duration-ms="22" status="PASS">
          <reporter-output>
          </reporter-output>
        </test-method> <!-- verifyonlyAtleastOneWicketKeeper -->
        <test-method signature="verifyonlyFourForeignPlayers()[pri:0, instance:testrcb.TestRCB@f736069]" started-at="2022-12-31T16:41:33 IST" name="verifyonlyFourForeignPlayers" finished-at="2022-12-31T16:41:33 IST" duration-ms="2" status="PASS">
          <reporter-output>
          </reporter-output>
        </test-method> <!-- verifyonlyFourForeignPlayers -->
      </class> <!-- testrcb.TestRCB -->
    </test> <!-- Default test -->
  </suite> <!-- Default suite -->
</testng-results>
